<?xml version="1.0" encoding="UTF-8"?>
<!-- Generated by org.testng.reporters.JUnitReportReporter -->
<testsuite skipped="0" hostname="ASDP1724PO02529" name="com.QAIT.Hris_maven.Hris_maven.hris_main" tests="3" failures="0" timestamp="26 Jun 2018 06:59:38 GMT" time="36.745" errors="0">
  <testcase name="attempt_Login_With_Incorrect_Password_Should_Render_Error_Message" time="11.603" classname="com.QAIT.Hris_maven.Hris_maven.hris_main"/>
  <testcase name="attempt_Login_With_correct_Password_Should_Take_U_To_Timesheet_Page" time="14.952" classname="com.QAIT.Hris_maven.Hris_maven.hris_main"/>
  <testcase name="attempt_Login_With_No_Password_Should_Annotate_Blank_Password_Field" time="10.190" classname="com.QAIT.Hris_maven.Hris_maven.hris_main"/>
</testsuite> <!-- com.QAIT.Hris_maven.Hris_maven.hris_main -->
