<?xml version="1.0" encoding="UTF-8"?>
<!-- Generated by org.testng.reporters.JUnitReportReporter -->
<testsuite skipped="0" hostname="ASDP1724PO02529" name="tatoc_tetsng.tatoc_testng" tests="6" failures="0" timestamp="21 Jun 2018 12:25:29 GMT" time="7.112" errors="0">
  <testcase name="start_page" time="4.256" classname="tatoc_tetsng.tatoc_testng"/>
  <testcase name="drag_around" time="0.250" classname="tatoc_tetsng.tatoc_testng"/>
  <testcase name="cookie_handling" time="0.210" classname="tatoc_tetsng.tatoc_testng"/>
  <testcase name="pop_up_window" time="1.414" classname="tatoc_tetsng.tatoc_testng"/>
  <testcase name="frame_dungeon" time="0.757" classname="tatoc_tetsng.tatoc_testng"/>
  <testcase name="grid_gate" time="0.225" classname="tatoc_tetsng.tatoc_testng"/>
</testsuite> <!-- tatoc_tetsng.tatoc_testng -->
